RRLightService.vshost.exe Information: 0 : Service running with -runFromConsole flag. Started at 10/13/2015 13:54:56.
RRLightService.vshost.exe Information: 0 : 10/13/2015 1:54:57 PM: Detected input: 
RRLightService.vshost.exe Information: 0 : 10/13/2015 1:54:57 PM: RecorderPreviewingQueued 20:54:57.744
RRLightService.vshost.exe Information: 0 : 10/13/2015 1:54:57 PM: Processing input: 
RRLightService.vshost.exe Information: 0 : 10/13/2015 1:54:57 PM: RecorderPreviewingQueued 20:54:57.781
RRLightService.vshost.exe Information: 0 : 10/13/2015 1:54:57 PM: SM State:Init
RRLightService.vshost.exe Information: 0 : 10/13/2015 1:54:57 PM: SM Input:RecorderPreviewingQueued
RRLightService.vshost.exe Information: 0 : 10/13/2015 1:54:57 PM: SM NewState:RRPreviewingQueued
RRLightService.vshost.exe Information: 0 : 10/13/2015 1:54:59 PM: Detected input: 
RRLightService.vshost.exe Information: 0 : 10/13/2015 1:54:59 PM: ButtonDown 20:54:59.430
RRLightService.vshost.exe Information: 0 : 10/13/2015 1:54:59 PM: Processing input: 
RRLightService.vshost.exe Information: 0 : 10/13/2015 1:54:59 PM: ButtonDown 20:54:59.476
RRLightService.vshost.exe Information: 0 : 10/13/2015 1:54:59 PM: SM State:RRPreviewingQueued
RRLightService.vshost.exe Information: 0 : 10/13/2015 1:54:59 PM: SM Input:ButtonDown
RRLightService.vshost.exe Information: 0 : 10/13/2015 1:54:59 PM: SM NewState:RRPreviewingQueued
RRLightService.vshost.exe Information: 0 : 10/13/2015 1:54:59 PM: Detected input: 
RRLightService.vshost.exe Information: 0 : 10/13/2015 1:54:59 PM: ButtonUp 20:54:59.690
RRLightService.vshost.exe Information: 0 : 10/13/2015 1:54:59 PM: Detected input: 
RRLightService.vshost.exe Information: 0 : 10/13/2015 1:54:59 PM: ButtonPressed 20:54:59.717
RRLightService.vshost.exe Information: 0 : 10/13/2015 1:54:59 PM: Processing input: 
RRLightService.vshost.exe Information: 0 : 10/13/2015 1:54:59 PM: ButtonUp 20:54:59.778
RRLightService.vshost.exe Information: 0 : 10/13/2015 1:54:59 PM: SM State:RRPreviewingQueued
RRLightService.vshost.exe Information: 0 : 10/13/2015 1:54:59 PM: SM Input:ButtonUp
RRLightService.vshost.exe Information: 0 : 10/13/2015 1:54:59 PM: SM NewState:RRPreviewingQueued
RRLightService.vshost.exe Information: 0 : 10/13/2015 1:54:59 PM: Processing input: 
RRLightService.vshost.exe Information: 0 : 10/13/2015 1:54:59 PM: ButtonPressed 20:54:59.822
RRLightService.vshost.exe Information: 0 : 10/13/2015 1:54:59 PM: SM State:RRPreviewingQueued
RRLightService.vshost.exe Information: 0 : 10/13/2015 1:54:59 PM: SM Input:ButtonPressed
RRLightService.vshost.exe Information: 0 : 10/13/2015 1:55:00 PM: SM NewState:RRRecordingWait
RRLightService.vshost.exe Information: 0 : 10/13/2015 1:55:00 PM: Detected input: 
RRLightService.vshost.exe Information: 0 : 10/13/2015 1:55:00 PM: RecorderRecording 20:55:00.973
RRLightService.vshost.exe Information: 0 : 10/13/2015 1:55:01 PM: Processing input: 
RRLightService.vshost.exe Information: 0 : 10/13/2015 1:55:01 PM: RecorderRecording 20:55:01.043
RRLightService.vshost.exe Information: 0 : 10/13/2015 1:55:01 PM: SM State:RRRecordingWait
RRLightService.vshost.exe Information: 0 : 10/13/2015 1:55:01 PM: SM Input:RecorderRecording
RRLightService.vshost.exe Information: 0 : 10/13/2015 1:55:01 PM: SM NewState:RRRecording
RRLightService.vshost.exe Information: 0 : 10/13/2015 1:55:06 PM: Detected input: 
RRLightService.vshost.exe Information: 0 : 10/13/2015 1:55:06 PM: ButtonDown 20:55:06.420
RRLightService.vshost.exe Information: 0 : 10/13/2015 1:55:06 PM: Processing input: 
RRLightService.vshost.exe Information: 0 : 10/13/2015 1:55:06 PM: ButtonDown 20:55:06.467
RRLightService.vshost.exe Information: 0 : 10/13/2015 1:55:06 PM: SM State:RRRecording
RRLightService.vshost.exe Information: 0 : 10/13/2015 1:55:06 PM: SM Input:ButtonDown
RRLightService.vshost.exe Information: 0 : 10/13/2015 1:55:06 PM: SM NewState:RRRecording
RRLightService.vshost.exe Information: 0 : 10/13/2015 1:55:06 PM: Detected input: 
RRLightService.vshost.exe Information: 0 : 10/13/2015 1:55:06 PM: ButtonUp 20:55:06.696
RRLightService.vshost.exe Information: 0 : 10/13/2015 1:55:06 PM: Detected input: 
RRLightService.vshost.exe Information: 0 : 10/13/2015 1:55:06 PM: ButtonPressed 20:55:06.731
RRLightService.vshost.exe Information: 0 : 10/13/2015 1:55:06 PM: Processing input: 
RRLightService.vshost.exe Information: 0 : 10/13/2015 1:55:06 PM: ButtonUp 20:55:06.768
RRLightService.vshost.exe Information: 0 : 10/13/2015 1:55:06 PM: SM State:RRRecording
RRLightService.vshost.exe Information: 0 : 10/13/2015 1:55:06 PM: SM Input:ButtonUp
RRLightService.vshost.exe Information: 0 : 10/13/2015 1:55:06 PM: SM NewState:RRRecording
RRLightService.vshost.exe Information: 0 : 10/13/2015 1:55:06 PM: Processing input: 
RRLightService.vshost.exe Information: 0 : 10/13/2015 1:55:06 PM: ButtonPressed 20:55:06.847
RRLightService.vshost.exe Information: 0 : 10/13/2015 1:55:06 PM: SM State:RRRecording
RRLightService.vshost.exe Information: 0 : 10/13/2015 1:55:06 PM: SM Input:ButtonPressed
RRLightService.vshost.exe Information: 0 : 10/13/2015 1:55:06 PM: SM NewState:RRPausedWait
RRLightService.vshost.exe Information: 0 : 10/13/2015 1:55:06 PM: Detected input: 
RRLightService.vshost.exe Information: 0 : 10/13/2015 1:55:07 PM: RecorderPaused 20:55:07.017
RRLightService.vshost.exe Information: 0 : 10/13/2015 1:55:07 PM: Processing input: 
RRLightService.vshost.exe Information: 0 : 10/13/2015 1:55:07 PM: RecorderPaused 20:55:07.117
RRLightService.vshost.exe Information: 0 : 10/13/2015 1:55:07 PM: SM State:RRPausedWait
RRLightService.vshost.exe Information: 0 : 10/13/2015 1:55:07 PM: SM Input:RecorderPaused
RRLightService.vshost.exe Information: 0 : 10/13/2015 1:55:07 PM: SM NewState:RRPaused
RRLightService.vshost.exe Information: 0 : 10/13/2015 1:55:08 PM: Detected input: 
RRLightService.vshost.exe Information: 0 : 10/13/2015 1:55:08 PM: ButtonDown 20:55:08.095
RRLightService.vshost.exe Information: 0 : 10/13/2015 1:55:08 PM: Processing input: 
RRLightService.vshost.exe Information: 0 : 10/13/2015 1:55:08 PM: ButtonDown 20:55:08.154
RRLightService.vshost.exe Information: 0 : 10/13/2015 1:55:08 PM: SM State:RRPaused
RRLightService.vshost.exe Information: 0 : 10/13/2015 1:55:08 PM: SM Input:ButtonDown
RRLightService.vshost.exe Information: 0 : 10/13/2015 1:55:08 PM: SM NewState:RRPaused
RRLightService.vshost.exe Information: 0 : 10/13/2015 1:55:13 PM: Detected input: 
RRLightService.vshost.exe Information: 0 : 10/13/2015 1:55:13 PM: ButtonHeld 20:55:13.184
RRLightService.vshost.exe Information: 0 : 10/13/2015 1:55:13 PM: Processing input: 
RRLightService.vshost.exe Information: 0 : 10/13/2015 1:55:13 PM: ButtonHeld 20:55:13.275
RRLightService.vshost.exe Information: 0 : 10/13/2015 1:55:13 PM: SM State:RRPaused
RRLightService.vshost.exe Information: 0 : 10/13/2015 1:55:13 PM: SM Input:ButtonHeld
RRLightService.vshost.exe Information: 0 : 10/13/2015 1:55:14 PM: SM NewState:RRStoppingPaused
RRLightService.vshost.exe Information: 0 : 10/13/2015 1:55:14 PM: Detected input: 
RRLightService.vshost.exe Information: 0 : 10/13/2015 1:55:14 PM: RecorderStopped 20:55:14.725
RRLightService.vshost.exe Information: 0 : 10/13/2015 1:55:14 PM: Processing input: 
RRLightService.vshost.exe Information: 0 : 10/13/2015 1:55:14 PM: RecorderStopped 20:55:14.785
RRLightService.vshost.exe Information: 0 : 10/13/2015 1:55:14 PM: SM State:RRStoppingPaused
RRLightService.vshost.exe Information: 0 : 10/13/2015 1:55:14 PM: SM Input:RecorderStopped
RRLightService.vshost.exe Information: 0 : 10/13/2015 1:55:14 PM: SM NewState:RRStopped
RRLightService.vshost.exe Information: 0 : 10/13/2015 1:55:14 PM: Detected input: 
RRLightService.vshost.exe Information: 0 : 10/13/2015 1:55:14 PM: RecorderPreviewing 20:55:14.850
RRLightService.vshost.exe Information: 0 : 10/13/2015 1:55:14 PM: Processing input: 
RRLightService.vshost.exe Information: 0 : 10/13/2015 1:55:14 PM: RecorderPreviewing 20:55:14.902
RRLightService.vshost.exe Information: 0 : 10/13/2015 1:55:14 PM: SM State:RRStopped
RRLightService.vshost.exe Information: 0 : 10/13/2015 1:55:14 PM: SM Input:RecorderPreviewing
RRLightService.vshost.exe Information: 0 : 10/13/2015 1:55:14 PM: SM NewState:RRPreviewing
RRLightService.vshost.exe Information: 0 : 10/13/2015 1:55:23 PM: Detected input: 
RRLightService.vshost.exe Information: 0 : 10/13/2015 1:55:23 PM: ButtonUp 20:55:23.984
RRLightService.vshost.exe Information: 0 : 10/13/2015 1:55:24 PM: Processing input: 
RRLightService.vshost.exe Information: 0 : 10/13/2015 1:55:24 PM: ButtonUp 20:55:24.026
RRLightService.vshost.exe Information: 0 : 10/13/2015 1:55:24 PM: SM State:RRPreviewing
RRLightService.vshost.exe Information: 0 : 10/13/2015 1:55:24 PM: SM Input:ButtonUp
RRLightService.vshost.exe Information: 0 : 10/13/2015 1:55:24 PM: SM NewState:RRPreviewing
RRLightService.vshost.exe Information: 0 : 10/13/2015 1:55:32 PM: Detected input: 
RRLightService.vshost.exe Information: 0 : 10/13/2015 1:55:32 PM: ButtonDown 20:55:32.382
RRLightService.vshost.exe Information: 0 : 10/13/2015 1:55:32 PM: Processing input: 
RRLightService.vshost.exe Information: 0 : 10/13/2015 1:55:32 PM: ButtonDown 20:55:32.418
RRLightService.vshost.exe Information: 0 : 10/13/2015 1:55:32 PM: SM State:RRPreviewing
RRLightService.vshost.exe Information: 0 : 10/13/2015 1:55:32 PM: SM Input:ButtonDown
RRLightService.vshost.exe Information: 0 : 10/13/2015 1:55:32 PM: SM NewState:RRPreviewing
RRLightService.vshost.exe Information: 0 : 10/13/2015 1:55:33 PM: Detected input: 
RRLightService.vshost.exe Information: 0 : 10/13/2015 1:55:33 PM: ButtonUp 20:55:33.262
RRLightService.vshost.exe Information: 0 : 10/13/2015 1:55:33 PM: Detected input: 
RRLightService.vshost.exe Information: 0 : 10/13/2015 1:55:33 PM: ButtonPressed 20:55:33.299
RRLightService.vshost.exe Information: 0 : 10/13/2015 1:55:33 PM: Processing input: 
RRLightService.vshost.exe Information: 0 : 10/13/2015 1:55:33 PM: ButtonUp 20:55:33.345
RRLightService.vshost.exe Information: 0 : 10/13/2015 1:55:33 PM: SM State:RRPreviewing
RRLightService.vshost.exe Information: 0 : 10/13/2015 1:55:33 PM: SM Input:ButtonUp
RRLightService.vshost.exe Information: 0 : 10/13/2015 1:55:33 PM: SM NewState:RRPreviewing
RRLightService.vshost.exe Information: 0 : 10/13/2015 1:55:33 PM: Processing input: 
RRLightService.vshost.exe Information: 0 : 10/13/2015 1:55:33 PM: ButtonPressed 20:55:33.402
RRLightService.vshost.exe Information: 0 : 10/13/2015 1:55:33 PM: SM State:RRPreviewing
RRLightService.vshost.exe Information: 0 : 10/13/2015 1:55:33 PM: SM Input:ButtonPressed
RRLightService.vshost.exe Information: 0 : 10/13/2015 1:55:33 PM: SM NewState:RRPreviewing
