RRLightService.vshost.exe Information: 0 : Service running with -runFromConsole flag. Started at 10/13/2015 13:52:05.
RRLightService.vshost.exe Information: 0 : 10/13/2015 1:52:11 PM: Detected input: 
RRLightService.vshost.exe Information: 0 : 10/13/2015 1:52:11 PM: ButtonDown 20:52:11.586
RRLightService.vshost.exe Information: 0 : 10/13/2015 1:52:11 PM: Processing input: 
RRLightService.vshost.exe Information: 0 : 10/13/2015 1:52:11 PM: ButtonDown 20:52:11.645
RRLightService.vshost.exe Information: 0 : 10/13/2015 1:52:11 PM: SM State:Init
RRLightService.vshost.exe Information: 0 : 10/13/2015 1:52:11 PM: SM Input:ButtonDown
RRLightService.vshost.exe Information: 0 : 10/13/2015 1:52:11 PM: SM NewState:Init
RRLightService.vshost.exe Information: 0 : 10/13/2015 1:52:11 PM: Detected input: 
RRLightService.vshost.exe Information: 0 : 10/13/2015 1:52:11 PM: ButtonUp 20:52:11.788
RRLightService.vshost.exe Information: 0 : 10/13/2015 1:52:11 PM: Detected input: 
RRLightService.vshost.exe Information: 0 : 10/13/2015 1:52:11 PM: ButtonPressed 20:52:11.824
RRLightService.vshost.exe Information: 0 : 10/13/2015 1:52:11 PM: Processing input: 
RRLightService.vshost.exe Information: 0 : 10/13/2015 1:52:11 PM: ButtonUp 20:52:11.863
RRLightService.vshost.exe Information: 0 : 10/13/2015 1:52:11 PM: SM State:Init
RRLightService.vshost.exe Information: 0 : 10/13/2015 1:52:11 PM: SM Input:ButtonUp
RRLightService.vshost.exe Information: 0 : 10/13/2015 1:52:11 PM: SM NewState:Init
RRLightService.vshost.exe Information: 0 : 10/13/2015 1:52:11 PM: Processing input: 
RRLightService.vshost.exe Information: 0 : 10/13/2015 1:52:11 PM: ButtonPressed 20:52:11.911
RRLightService.vshost.exe Information: 0 : 10/13/2015 1:52:11 PM: SM State:Init
RRLightService.vshost.exe Information: 0 : 10/13/2015 1:52:11 PM: SM Input:ButtonPressed
RRLightService.vshost.exe Information: 0 : 10/13/2015 1:52:11 PM: SM NewState:Init
RRLightService.vshost.exe Information: 0 : 10/13/2015 1:52:30 PM: Detected input: 
RRLightService.vshost.exe Information: 0 : 10/13/2015 1:52:30 PM: RecorderStopped 20:52:30.365
RRLightService.vshost.exe Information: 0 : 10/13/2015 1:52:30 PM: Processing input: 
RRLightService.vshost.exe Information: 0 : 10/13/2015 1:52:30 PM: RecorderStopped 20:52:30.403
RRLightService.vshost.exe Information: 0 : 10/13/2015 1:52:30 PM: SM State:Init
RRLightService.vshost.exe Information: 0 : 10/13/2015 1:52:30 PM: SM Input:RecorderStopped
RRLightService.vshost.exe Information: 0 : 10/13/2015 1:52:30 PM: SM NewState:RRStopped
RRLightService.vshost.exe Information: 0 : 10/13/2015 1:52:31 PM: Detected input: 
RRLightService.vshost.exe Information: 0 : 10/13/2015 1:52:31 PM: RecorderPreviewingQueued 20:52:31.936
RRLightService.vshost.exe Information: 0 : 10/13/2015 1:52:31 PM: Processing input: 
RRLightService.vshost.exe Information: 0 : 10/13/2015 1:52:31 PM: RecorderPreviewingQueued 20:52:31.970
RRLightService.vshost.exe Information: 0 : 10/13/2015 1:52:31 PM: SM State:RRStopped
RRLightService.vshost.exe Information: 0 : 10/13/2015 1:52:31 PM: SM Input:RecorderPreviewingQueued
RRLightService.vshost.exe Information: 0 : 10/13/2015 1:52:31 PM: SM NewState:RRPreviewingQueued
RRLightService.vshost.exe Information: 0 : 10/13/2015 1:52:36 PM: Detected input: 
RRLightService.vshost.exe Information: 0 : 10/13/2015 1:52:36 PM: ButtonDown 20:52:36.055
RRLightService.vshost.exe Information: 0 : 10/13/2015 1:52:36 PM: Processing input: 
RRLightService.vshost.exe Information: 0 : 10/13/2015 1:52:36 PM: ButtonDown 20:52:36.098
RRLightService.vshost.exe Information: 0 : 10/13/2015 1:52:36 PM: SM State:RRPreviewingQueued
RRLightService.vshost.exe Information: 0 : 10/13/2015 1:52:36 PM: SM Input:ButtonDown
RRLightService.vshost.exe Information: 0 : 10/13/2015 1:52:36 PM: SM NewState:RRPreviewingQueued
RRLightService.vshost.exe Information: 0 : 10/13/2015 1:52:36 PM: Detected input: 
RRLightService.vshost.exe Information: 0 : 10/13/2015 1:52:36 PM: ButtonUp 20:52:36.384
RRLightService.vshost.exe Information: 0 : 10/13/2015 1:52:36 PM: Detected input: 
RRLightService.vshost.exe Information: 0 : 10/13/2015 1:52:36 PM: ButtonPressed 20:52:36.410
RRLightService.vshost.exe Information: 0 : 10/13/2015 1:52:36 PM: Processing input: 
RRLightService.vshost.exe Information: 0 : 10/13/2015 1:52:36 PM: ButtonUp 20:52:36.440
RRLightService.vshost.exe Information: 0 : 10/13/2015 1:52:36 PM: SM State:RRPreviewingQueued
RRLightService.vshost.exe Information: 0 : 10/13/2015 1:52:36 PM: SM Input:ButtonUp
RRLightService.vshost.exe Information: 0 : 10/13/2015 1:52:36 PM: SM NewState:RRPreviewingQueued
RRLightService.vshost.exe Information: 0 : 10/13/2015 1:52:36 PM: Processing input: 
RRLightService.vshost.exe Information: 0 : 10/13/2015 1:52:36 PM: ButtonPressed 20:52:36.494
RRLightService.vshost.exe Information: 0 : 10/13/2015 1:52:36 PM: SM State:RRPreviewingQueued
RRLightService.vshost.exe Information: 0 : 10/13/2015 1:52:36 PM: SM Input:ButtonPressed
RRLightService.vshost.exe Information: 0 : 10/13/2015 1:52:38 PM: SM NewState:RRRecordingWait
RRLightService.vshost.exe Information: 0 : 10/13/2015 1:52:38 PM: Detected input: 
RRLightService.vshost.exe Information: 0 : 10/13/2015 1:52:38 PM: RecorderRecording 20:52:38.376
RRLightService.vshost.exe Information: 0 : 10/13/2015 1:52:38 PM: Processing input: 
RRLightService.vshost.exe Information: 0 : 10/13/2015 1:52:38 PM: RecorderRecording 20:52:38.398
RRLightService.vshost.exe Information: 0 : 10/13/2015 1:52:38 PM: SM State:RRRecordingWait
RRLightService.vshost.exe Information: 0 : 10/13/2015 1:52:38 PM: SM Input:RecorderRecording
RRLightService.vshost.exe Information: 0 : 10/13/2015 1:52:38 PM: SM NewState:RRRecording
RRLightService.vshost.exe Information: 0 : 10/13/2015 1:52:51 PM: Detected input: 
RRLightService.vshost.exe Information: 0 : 10/13/2015 1:52:51 PM: ButtonDown 20:52:51.253
RRLightService.vshost.exe Information: 0 : 10/13/2015 1:52:51 PM: Processing input: 
RRLightService.vshost.exe Information: 0 : 10/13/2015 1:52:51 PM: ButtonDown 20:52:51.290
RRLightService.vshost.exe Information: 0 : 10/13/2015 1:52:51 PM: SM State:RRRecording
RRLightService.vshost.exe Information: 0 : 10/13/2015 1:52:51 PM: SM Input:ButtonDown
RRLightService.vshost.exe Information: 0 : 10/13/2015 1:52:51 PM: SM NewState:RRRecording
RRLightService.vshost.exe Information: 0 : 10/13/2015 1:52:52 PM: Detected input: 
RRLightService.vshost.exe Information: 0 : 10/13/2015 1:52:52 PM: ButtonUp 20:52:52.197
RRLightService.vshost.exe Information: 0 : 10/13/2015 1:52:52 PM: Detected input: 
RRLightService.vshost.exe Information: 0 : 10/13/2015 1:52:52 PM: ButtonPressed 20:52:52.221
RRLightService.vshost.exe Information: 0 : 10/13/2015 1:52:52 PM: Processing input: 
RRLightService.vshost.exe Information: 0 : 10/13/2015 1:52:52 PM: ButtonUp 20:52:52.255
RRLightService.vshost.exe Information: 0 : 10/13/2015 1:52:52 PM: SM State:RRRecording
RRLightService.vshost.exe Information: 0 : 10/13/2015 1:52:52 PM: SM Input:ButtonUp
RRLightService.vshost.exe Information: 0 : 10/13/2015 1:52:52 PM: SM NewState:RRRecording
RRLightService.vshost.exe Information: 0 : 10/13/2015 1:52:52 PM: Processing input: 
RRLightService.vshost.exe Information: 0 : 10/13/2015 1:52:52 PM: ButtonPressed 20:52:52.332
RRLightService.vshost.exe Information: 0 : 10/13/2015 1:52:52 PM: SM State:RRRecording
RRLightService.vshost.exe Information: 0 : 10/13/2015 1:52:52 PM: SM Input:ButtonPressed
RRLightService.vshost.exe Information: 0 : 10/13/2015 1:52:52 PM: SM NewState:RRPausedWait
RRLightService.vshost.exe Information: 0 : 10/13/2015 1:52:52 PM: Detected input: 
RRLightService.vshost.exe Information: 0 : 10/13/2015 1:52:52 PM: RecorderPaused 20:52:52.441
RRLightService.vshost.exe Information: 0 : 10/13/2015 1:52:52 PM: Processing input: 
RRLightService.vshost.exe Information: 0 : 10/13/2015 1:52:52 PM: RecorderPaused 20:52:52.509
RRLightService.vshost.exe Information: 0 : 10/13/2015 1:52:52 PM: SM State:RRPausedWait
RRLightService.vshost.exe Information: 0 : 10/13/2015 1:52:52 PM: SM Input:RecorderPaused
RRLightService.vshost.exe Information: 0 : 10/13/2015 1:52:52 PM: SM NewState:RRPaused
RRLightService.vshost.exe Information: 0 : 10/13/2015 1:52:59 PM: Detected input: 
RRLightService.vshost.exe Information: 0 : 10/13/2015 1:52:59 PM: ButtonDown 20:52:59.370
RRLightService.vshost.exe Information: 0 : 10/13/2015 1:52:59 PM: Processing input: 
RRLightService.vshost.exe Information: 0 : 10/13/2015 1:52:59 PM: ButtonDown 20:52:59.398
RRLightService.vshost.exe Information: 0 : 10/13/2015 1:52:59 PM: SM State:RRPaused
RRLightService.vshost.exe Information: 0 : 10/13/2015 1:52:59 PM: SM Input:ButtonDown
RRLightService.vshost.exe Information: 0 : 10/13/2015 1:52:59 PM: SM NewState:RRPaused
RRLightService.vshost.exe Information: 0 : 10/13/2015 1:52:59 PM: Detected input: 
RRLightService.vshost.exe Information: 0 : 10/13/2015 1:52:59 PM: ButtonUp 20:52:59.569
RRLightService.vshost.exe Information: 0 : 10/13/2015 1:52:59 PM: Detected input: 
RRLightService.vshost.exe Information: 0 : 10/13/2015 1:52:59 PM: ButtonPressed 20:52:59.606
RRLightService.vshost.exe Information: 0 : 10/13/2015 1:52:59 PM: Processing input: 
RRLightService.vshost.exe Information: 0 : 10/13/2015 1:52:59 PM: ButtonUp 20:52:59.651
RRLightService.vshost.exe Information: 0 : 10/13/2015 1:52:59 PM: SM State:RRPaused
RRLightService.vshost.exe Information: 0 : 10/13/2015 1:52:59 PM: SM Input:ButtonUp
RRLightService.vshost.exe Information: 0 : 10/13/2015 1:52:59 PM: SM NewState:RRPaused
RRLightService.vshost.exe Information: 0 : 10/13/2015 1:52:59 PM: Processing input: 
RRLightService.vshost.exe Information: 0 : 10/13/2015 1:52:59 PM: ButtonPressed 20:52:59.700
RRLightService.vshost.exe Information: 0 : 10/13/2015 1:52:59 PM: SM State:RRPaused
RRLightService.vshost.exe Information: 0 : 10/13/2015 1:52:59 PM: SM Input:ButtonPressed
RRLightService.vshost.exe Information: 0 : 10/13/2015 1:52:59 PM: SM NewState:RRRecordingWait
RRLightService.vshost.exe Information: 0 : 10/13/2015 1:52:59 PM: Detected input: 
RRLightService.vshost.exe Information: 0 : 10/13/2015 1:52:59 PM: RecorderRecording 20:52:59.853
RRLightService.vshost.exe Information: 0 : 10/13/2015 1:52:59 PM: Processing input: 
RRLightService.vshost.exe Information: 0 : 10/13/2015 1:52:59 PM: RecorderRecording 20:52:59.933
RRLightService.vshost.exe Information: 0 : 10/13/2015 1:52:59 PM: SM State:RRRecordingWait
RRLightService.vshost.exe Information: 0 : 10/13/2015 1:52:59 PM: SM Input:RecorderRecording
RRLightService.vshost.exe Information: 0 : 10/13/2015 1:52:59 PM: SM NewState:RRRecording
RRLightService.vshost.exe Information: 0 : 10/13/2015 1:53:02 PM: Detected input: 
RRLightService.vshost.exe Information: 0 : 10/13/2015 1:53:02 PM: ButtonDown 20:53:02.507
RRLightService.vshost.exe Information: 0 : 10/13/2015 1:53:02 PM: Processing input: 
RRLightService.vshost.exe Information: 0 : 10/13/2015 1:53:02 PM: ButtonDown 20:53:02.587
RRLightService.vshost.exe Information: 0 : 10/13/2015 1:53:02 PM: SM State:RRRecording
RRLightService.vshost.exe Information: 0 : 10/13/2015 1:53:02 PM: SM Input:ButtonDown
RRLightService.vshost.exe Information: 0 : 10/13/2015 1:53:02 PM: SM NewState:RRRecording
RRLightService.vshost.exe Information: 0 : 10/13/2015 1:53:07 PM: Detected input: 
RRLightService.vshost.exe Information: 0 : 10/13/2015 1:53:07 PM: ButtonHeld 20:53:07.576
RRLightService.vshost.exe Information: 0 : 10/13/2015 1:53:07 PM: Processing input: 
RRLightService.vshost.exe Information: 0 : 10/13/2015 1:53:07 PM: ButtonHeld 20:53:07.618
RRLightService.vshost.exe Information: 0 : 10/13/2015 1:53:07 PM: SM State:RRRecording
RRLightService.vshost.exe Information: 0 : 10/13/2015 1:53:07 PM: SM Input:ButtonHeld
RRLightService.vshost.exe Information: 0 : 10/13/2015 1:53:09 PM: Detected input: 
RRLightService.vshost.exe Information: 0 : 10/13/2015 1:53:09 PM: ButtonUp 20:53:09.546
RRLightService.vshost.exe Information: 0 : 10/13/2015 1:53:18 PM: SM NewState:RRStoppingRecord
RRLightService.vshost.exe Information: 0 : 10/13/2015 1:53:18 PM: Detected input: 
RRLightService.vshost.exe Information: 0 : 10/13/2015 1:53:19 PM: RecorderStopped 20:53:19.042
RRLightService.vshost.exe Information: 0 : 10/13/2015 1:53:19 PM: Processing input: 
RRLightService.vshost.exe Information: 0 : 10/13/2015 1:53:19 PM: ButtonUp 20:53:19.079
RRLightService.vshost.exe Information: 0 : 10/13/2015 1:53:19 PM: SM State:RRStoppingRecord
RRLightService.vshost.exe Information: 0 : 10/13/2015 1:53:19 PM: SM Input:ButtonUp
RRLightService.vshost.exe Information: 0 : 10/13/2015 1:53:19 PM: SM NewState:RRStoppingRecord
RRLightService.vshost.exe Information: 0 : 10/13/2015 1:53:19 PM: Processing input: 
RRLightService.vshost.exe Information: 0 : 10/13/2015 1:53:19 PM: RecorderStopped 20:53:19.123
RRLightService.vshost.exe Information: 0 : 10/13/2015 1:53:19 PM: SM State:RRStoppingRecord
RRLightService.vshost.exe Information: 0 : 10/13/2015 1:53:19 PM: SM Input:RecorderStopped
RRLightService.vshost.exe Information: 0 : 10/13/2015 1:53:19 PM: SM NewState:RRStopped
RRLightService.vshost.exe Information: 0 : 10/13/2015 1:53:19 PM: Detected input: 
RRLightService.vshost.exe Information: 0 : 10/13/2015 1:53:19 PM: RecorderPreviewingQueued 20:53:19.202
RRLightService.vshost.exe Information: 0 : 10/13/2015 1:53:19 PM: Processing input: 
RRLightService.vshost.exe Information: 0 : 10/13/2015 1:53:19 PM: RecorderPreviewingQueued 20:53:19.286
RRLightService.vshost.exe Information: 0 : 10/13/2015 1:53:19 PM: SM State:RRStopped
RRLightService.vshost.exe Information: 0 : 10/13/2015 1:53:19 PM: SM Input:RecorderPreviewingQueued
RRLightService.vshost.exe Information: 0 : 10/13/2015 1:53:19 PM: SM NewState:RRPreviewingQueued
